<?xml version="1.0" encoding="UTF-8"?>
<testsuite xmlns:xsi="http://www.w3.org/2001/XMLSchema-instance" xsi:noNamespaceSchemaLocation="https://maven.apache.org/surefire/maven-surefire-plugin/xsd/surefire-test-report.xsd" version="3.0.1" name="com.example.AppTest" time="0.041" tests="6" errors="0" skipped="0" failures="0">
  <properties>
[...]
</properties>
  <testcase name="testGreetingMessage" classname="com.example.AppTest" time="0.019"/>
  <testcase name="shouldAnswerWithTrue" classname="com.example.AppTest" time="0.002"/>
  <testcase name="testAddition" classname="com.example.AppTest" time="0.001"/>
  <testcase name="testAppHasAGreeting" classname="com.example.AppTest" time="0.001"/>
  <testcase name="testFailCase" classname="com.example.AppTest" time="0.0"/>
  <testcase name="testSubtraction" classname="com.example.AppTest" time="0.0"/>
</testsuite>